2020-04-18 21:30:48,857 [main] INFO  com.lt.conbase.ConBaseApplication 655 - The following profiles are active: dev
2020-04-18 21:30:50,489 [main] INFO  o.s.d.r.c.RepositoryConfigurationDelegate 127 - Bootstrapping Spring Data JPA repositories in DEFAULT mode.
2020-04-18 21:30:50,516 [main] INFO  o.s.d.r.c.RepositoryConfigurationDelegate 187 - Finished Spring Data repository scanning in 16ms. Found 0 JPA repository interfaces.
2020-04-18 21:30:50,675 [main] WARN  o.s.boot.actuate.endpoint.EndpointId 155 - Endpoint ID 'service-registry' contains invalid characters, please migrate to a valid format.
2020-04-18 21:30:50,693 [main] WARN  o.s.boot.actuate.endpoint.EndpointId 155 - Endpoint ID 'hystrix.stream' contains invalid characters, please migrate to a valid format.
2020-04-18 21:30:50,858 [main] INFO  o.s.cloud.context.scope.GenericScope 295 - BeanFactory id=9dfaff5c-35cd-3372-b219-725d02919d86
2020-04-18 21:30:51,625 [main] INFO  o.s.b.w.e.tomcat.TomcatWebServer 92 - Tomcat initialized with port(s): 9103 (http)
2020-04-18 21:30:51,635 [main] INFO  o.a.coyote.http11.Http11NioProtocol 173 - Initializing ProtocolHandler ["http-nio-9103"]
2020-04-18 21:30:51,636 [main] INFO  o.a.catalina.core.StandardService 173 - Starting service [Tomcat]
2020-04-18 21:30:51,636 [main] INFO  o.a.catalina.core.StandardEngine 173 - Starting Servlet engine: [Apache Tomcat/9.0.33]
2020-04-18 21:30:51,861 [main] INFO  o.a.c.c.C.[Tomcat].[localhost].[/] 173 - Initializing Spring embedded WebApplicationContext
2020-04-18 21:30:51,861 [main] INFO  o.s.web.context.ContextLoader 284 - Root WebApplicationContext: initialization completed in 2970 ms
2020-04-18 21:30:52,016 [main] INFO  n.h.s.boot.BasicHasorConfiguration 140 - 
 _    _                        ____              _
| |  | |                      |  _ \            | |
| |__| | __ _ ___  ___  _ __  | |_) | ___   ___ | |_
|  __  |/ _` / __|/ _ \| '__| |  _ < / _ \ / _ \| __|
| |  | | (_| \__ \ (_) | |    | |_) | (_) | (_) | |_
|_|  |_|\__,_|___/\___/|_|    |____/ \___/ \___/ \__|

2020-04-18 21:30:52,025 [main] INFO  net.hasor.core.Hasor 224 - runMode at Full ,runPath at E:\Work\TestSpring
2020-04-18 21:30:52,032 [main] INFO  n.h.c.s.StandardContextSettings 130 - addConfig '/META-INF/hasor-framework/core-hconfig.xml' in 'jar:file:/E:/Program_films/maven_Repository/net/hasor/hasor-core/4.1.3/hasor-core-4.1.3.jar!/META-INF/hasor.schemas'
2020-04-18 21:30:52,035 [main] INFO  n.h.c.s.StandardContextSettings 130 - addConfig '/META-INF/hasor-framework/dataway-hconfig.xml' in 'jar:file:/E:/Program_films/maven_Repository/net/hasor/hasor-dataway/4.1.3-fix20200414/hasor-dataway-4.1.3-fix20200414.jar!/META-INF/hasor.schemas'
2020-04-18 21:30:52,038 [main] INFO  n.h.c.s.StandardContextSettings 130 - addConfig '/META-INF/hasor-framework/web-hconfig.xml' in 'jar:file:/E:/Program_films/maven_Repository/net/hasor/hasor-web/4.1.3/hasor-web-4.1.3.jar!/META-INF/hasor.schemas'
2020-04-18 21:30:52,040 [main] INFO  n.h.c.s.StandardContextSettings 130 - addConfig '/META-INF/hasor-framework/db-hconfig.xml' in 'jar:file:/E:/Program_films/maven_Repository/net/hasor/hasor-db/4.1.3/hasor-db-4.1.3.jar!/META-INF/hasor.schemas'
2020-04-18 21:30:52,043 [main] INFO  n.h.c.s.StandardContextSettings 130 - addConfig '/META-INF/hasor-framework/dataql-hconfig.xml' in 'jar:file:/E:/Program_films/maven_Repository/net/hasor/hasor-dataql/4.1.3/hasor-dataql-4.1.3.jar!/META-INF/hasor.schemas'
2020-04-18 21:30:52,045 [main] INFO  n.h.c.s.StandardContextSettings 130 - addConfig '/META-INF/hasor-framework/dataql-fx-hconfig.xml' in 'jar:file:/E:/Program_films/maven_Repository/net/hasor/hasor-dataql-fx/4.1.3/hasor-dataql-fx-4.1.3.jar!/META-INF/hasor.schemas'
2020-04-18 21:30:52,066 [main] INFO  n.h.c.e.AbstractEnvironment 240 - loadPackages = com.*, net.*, net.hasor.*, net.hasor.dataql.*, net.hasor.dataql.fx.*, net.hasor.dataway.*, net.hasor.db.*, net.hasor.web.*, org.*
2020-04-18 21:30:52,155 [main] INFO  n.h.core.context.TemplateAppContext 389 - loadModule class net.hasor.dataway.config.DatawayModule
2020-04-18 21:30:52,156 [main] INFO  n.hasor.dataway.config.DatawayModule 60 - dataway api workAt /api/
2020-04-18 21:30:52,157 [main] INFO  n.h.c.e.AbstractEnvironment 164 - var -> HASOR_DATAQL_DATAWAY_API_URL = /api/.
2020-04-18 21:30:52,168 [main] INFO  n.hasor.dataway.config.DatawayModule 76 - dataway admin workAt /interface-ui/
2020-04-18 21:30:52,183 [main] INFO  net.hasor.core.binder.ApiBinderWrap 287 - mapingTo[7b77d08cdca34c6c97eeb479b51c8839] -> bindType ‘class net.hasor.dataway.web.ApiDetailController’ mappingTo: ‘[/interface-ui/api/api-detail]’.
2020-04-18 21:30:52,184 [main] INFO  net.hasor.core.binder.ApiBinderWrap 287 - mapingTo[c47f7742f4414364bc4383fe710c8d30] -> bindType ‘class net.hasor.dataway.web.ApiHistoryListController’ mappingTo: ‘[/interface-ui/api/api-history]’.
2020-04-18 21:30:52,185 [main] INFO  net.hasor.core.binder.ApiBinderWrap 287 - mapingTo[823c2109a5ad4989bcfeb5208d2daa3d] -> bindType ‘class net.hasor.dataway.web.ApiInfoController’ mappingTo: ‘[/interface-ui/api/api-info]’.
2020-04-18 21:30:52,186 [main] INFO  net.hasor.core.binder.ApiBinderWrap 287 - mapingTo[2aba0a6414424ce78695ea6ace64f535] -> bindType ‘class net.hasor.dataway.web.ApiListController’ mappingTo: ‘[/interface-ui/api/api-list]’.
2020-04-18 21:30:52,186 [main] INFO  net.hasor.core.binder.ApiBinderWrap 287 - mapingTo[63b145b9b27b4f78988786da8d3f9153] -> bindType ‘class net.hasor.dataway.web.ApiHistoryGetController’ mappingTo: ‘[/interface-ui/api/get-history]’.
2020-04-18 21:30:52,188 [main] INFO  net.hasor.core.binder.ApiBinderWrap 287 - mapingTo[248fcb5d66634893882e5139113d96bd] -> bindType ‘class net.hasor.dataway.web.DisableController’ mappingTo: ‘[/interface-ui/api/disable]’.
2020-04-18 21:30:52,191 [main] INFO  net.hasor.core.binder.ApiBinderWrap 287 - mapingTo[ea694b9094ec48b0b02fc14dbb7bb287] -> bindType ‘class net.hasor.dataway.web.SmokeController’ mappingTo: ‘[/interface-ui/api/smoke]’.
2020-04-18 21:30:52,192 [main] INFO  net.hasor.core.binder.ApiBinderWrap 287 - mapingTo[fa0351307aa34ff98c3b34b004d95f44] -> bindType ‘class net.hasor.dataway.web.SaveApiController’ mappingTo: ‘[/interface-ui/api/save-api]’.
2020-04-18 21:30:52,193 [main] INFO  net.hasor.core.binder.ApiBinderWrap 287 - mapingTo[7060b34f6f194e16a56f5195002a1cba] -> bindType ‘class net.hasor.dataway.web.PublishController’ mappingTo: ‘[/interface-ui/api/publish]’.
2020-04-18 21:30:52,193 [main] INFO  net.hasor.core.binder.ApiBinderWrap 287 - mapingTo[36237d2e3d804c26a15721e13d972e13] -> bindType ‘class net.hasor.dataway.web.PerformController’ mappingTo: ‘[/interface-ui/api/perform]’.
2020-04-18 21:30:52,194 [main] INFO  net.hasor.core.binder.ApiBinderWrap 287 - mapingTo[1a88c2b6e039484eaec5efb77db6b857] -> bindType ‘class net.hasor.dataway.web.DeleteController’ mappingTo: ‘[/interface-ui/api/delete]’.
2020-04-18 21:30:52,198 [main] INFO  n.h.core.context.TemplateAppContext 389 - loadModule class net.hasor.web.render.RenderWebPlugin
2020-04-18 21:30:52,199 [main] INFO  n.h.core.context.TemplateAppContext 389 - loadModule class net.hasor.core.exts.startup.StartupModule
2020-04-18 21:30:52,199 [main] INFO  n.h.core.context.TemplateAppContext 389 - loadModule class net.hasor.core.exts.aop.AopModule
2020-04-18 21:30:52,201 [main] INFO  n.h.core.context.TemplateAppContext 389 - loadModule class net.hasor.dataql.fx.FxModule
2020-04-18 21:30:52,205 [main] INFO  n.h.core.context.TemplateAppContext 389 - loadModule class com.lt.conbase.config.ExampleModule
2020-04-18 21:30:52,206 [main] INFO  n.h.c.context.TemplateAppContext$1 70 - installModule ->net.hasor.db.JdbcModule@16f0ec18
2020-04-18 21:30:52,215 [main] INFO  n.h.core.context.TemplateAppContext 389 - loadModule class net.hasor.spring.boot.BasicHasorConfiguration$$Lambda$476/1792826268
2020-04-18 21:30:52,300 [main] INFO  c.alibaba.druid.pool.DruidDataSource 991 - {dataSource-1} inited
2020-04-18 21:30:54,249 [main] INFO  n.hasor.dataway.config.DatawayModule 128 - dataway dbMapping MySQL to default
2020-04-18 21:30:54,250 [main] INFO  net.hasor.web.render.RenderWebPlugin 73 - RenderPlugin init -> useLayout=false, layoutPath=/layout, templatePath=/templates, placeholder=content_placeholder, defaultLayout=default.html
2020-04-18 21:30:54,265 [Hasor-EventPool-1] INFO  n.h.core.context.TemplateAppContext 440 - Hasor StartCompleted!
2020-04-18 21:30:54,393 [main] WARN  c.n.c.sources.URLConfigurationSource 121 - No URLs will be polled as dynamic configuration sources.
2020-04-18 21:30:54,394 [main] INFO  c.n.c.sources.URLConfigurationSource 122 - To enable URLs as dynamic configuration sources, define System property archaius.configurationSource.additionalUrls or make config.properties available on classpath.
2020-04-18 21:30:54,403 [main] INFO  c.n.config.DynamicPropertyFactory 281 - DynamicPropertyFactory is initialized with configuration sources: com.netflix.config.ConcurrentCompositeConfiguration@1a531422
2020-04-18 21:30:58,343 [main] INFO  o.s.cloud.commons.util.InetUtils 170 - Cannot determine local hostname
2020-04-18 21:30:58,636 [main] INFO  n.hasor.web.startup.RuntimeListener 140 - ServletContext Attribut is net.hasor.core.AppContext
2020-04-18 21:30:58,643 [main] INFO  net.hasor.web.invoker.InvokerContext 56 - mapingTo -> type ‘class net.hasor.dataway.web.ApiDetailController’ mappingTo: ‘/interface-ui/api/api-detail’.
2020-04-18 21:30:58,644 [main] INFO  net.hasor.web.invoker.InvokerContext 56 - mapingTo -> type ‘class net.hasor.dataway.web.ApiHistoryListController’ mappingTo: ‘/interface-ui/api/api-history’.
2020-04-18 21:30:58,644 [main] INFO  net.hasor.web.invoker.InvokerContext 56 - mapingTo -> type ‘class net.hasor.dataway.web.ApiInfoController’ mappingTo: ‘/interface-ui/api/api-info’.
2020-04-18 21:30:58,644 [main] INFO  net.hasor.web.invoker.InvokerContext 56 - mapingTo -> type ‘class net.hasor.dataway.web.ApiListController’ mappingTo: ‘/interface-ui/api/api-list’.
2020-04-18 21:30:58,644 [main] INFO  net.hasor.web.invoker.InvokerContext 56 - mapingTo -> type ‘class net.hasor.dataway.web.ApiHistoryGetController’ mappingTo: ‘/interface-ui/api/get-history’.
2020-04-18 21:30:58,644 [main] INFO  net.hasor.web.invoker.InvokerContext 56 - mapingTo -> type ‘class net.hasor.dataway.web.DisableController’ mappingTo: ‘/interface-ui/api/disable’.
2020-04-18 21:30:58,645 [main] INFO  net.hasor.web.invoker.InvokerContext 56 - mapingTo -> type ‘class net.hasor.dataway.web.SmokeController’ mappingTo: ‘/interface-ui/api/smoke’.
2020-04-18 21:30:58,645 [main] INFO  net.hasor.web.invoker.InvokerContext 56 - mapingTo -> type ‘class net.hasor.dataway.web.SaveApiController’ mappingTo: ‘/interface-ui/api/save-api’.
2020-04-18 21:30:58,645 [main] INFO  net.hasor.web.invoker.InvokerContext 56 - mapingTo -> type ‘class net.hasor.dataway.web.PublishController’ mappingTo: ‘/interface-ui/api/publish’.
2020-04-18 21:30:58,646 [main] INFO  net.hasor.web.invoker.InvokerContext 56 - mapingTo -> type ‘class net.hasor.dataway.web.PerformController’ mappingTo: ‘/interface-ui/api/perform’.
2020-04-18 21:30:58,646 [main] INFO  net.hasor.web.invoker.InvokerContext 56 - mapingTo -> type ‘class net.hasor.dataway.web.DeleteController’ mappingTo: ‘/interface-ui/api/delete’.
2020-04-18 21:30:58,664 [main] INFO  net.hasor.web.startup.RuntimeFilter 83 - RuntimeFilter started, at Apache Tomcat/9.0.33
2020-04-18 21:30:58,789 [main] INFO  o.h.jpa.internal.util.LogHelper 31 - HHH000204: Processing PersistenceUnitInfo [name: default]
2020-04-18 21:30:58,898 [main] INFO  org.hibernate.Version 44 - HHH000412: Hibernate ORM core version 5.4.12.Final
2020-04-18 21:30:59,068 [main] INFO  o.h.annotations.common.Version 49 - HCANN000001: Hibernate Commons Annotations {5.1.0.Final}
2020-04-18 21:30:59,228 [main] INFO  org.hibernate.dialect.Dialect 172 - HHH000400: Using dialect: org.hibernate.dialect.MySQL8Dialect
2020-04-18 21:30:59,470 [main] INFO  o.h.e.t.j.p.i.JtaPlatformInitiator 52 - HHH000490: Using JtaPlatform implementation: [org.hibernate.engine.transaction.jta.platform.internal.NoJtaPlatform]
2020-04-18 21:30:59,481 [main] INFO  o.s.o.j.LocalContainerEntityManagerFactoryBean 416 - Initialized JPA EntityManagerFactory for persistence unit 'default'
2020-04-18 21:30:59,973 [main] WARN  o.s.b.a.o.j.JpaBaseConfiguration$JpaWebConfiguration 220 - spring.jpa.open-in-view is enabled by default. Therefore, database queries may be performed during view rendering. Explicitly configure spring.jpa.open-in-view to disable this warning
2020-04-18 21:31:00,172 [main] INFO  o.s.b.a.e.web.EndpointLinksResolver 58 - Exposing 2 endpoint(s) beneath base path '/actuator'
2020-04-18 21:31:00,273 [main] INFO  s.d.s.w.PropertySourcedRequestMappingHandlerMapping 69 - Mapped URL path [/v2/api-docs] onto method [springfox.documentation.swagger2.web.Swagger2Controller#getDocumentation(String, HttpServletRequest)]
2020-04-18 21:31:00,654 [main] WARN  c.n.c.sources.URLConfigurationSource 121 - No URLs will be polled as dynamic configuration sources.
2020-04-18 21:31:00,654 [main] INFO  c.n.c.sources.URLConfigurationSource 122 - To enable URLs as dynamic configuration sources, define System property archaius.configurationSource.additionalUrls or make config.properties available on classpath.
2020-04-18 21:31:00,801 [main] INFO  o.s.s.c.ThreadPoolTaskExecutor 181 - Initializing ExecutorService 'applicationTaskExecutor'
2020-04-18 21:31:04,938 [main] INFO  o.s.cloud.commons.util.InetUtils 170 - Cannot determine local hostname
2020-04-18 21:31:04,978 [main] WARN  o.s.c.l.c.BlockingLoadBalancerClientAutoConfiguration$BlockingLoadBalancerClientRibbonWarnLogger 86 - You already have RibbonLoadBalancerClient on your classpath. It will be used by default. As Spring Cloud Ribbon is in maintenance mode. We recommend switching to BlockingLoadBalancerClient instead. In order to use it, set the value of `spring.cloud.loadbalancer.ribbon.enabled` to `false` or remove spring-cloud-starter-netflix-ribbon from your project.
2020-04-18 21:31:05,111 [main] INFO  o.s.c.n.eureka.InstanceInfoFactory 72 - Setting initial instance status as: STARTING
2020-04-18 21:31:05,154 [main] INFO  c.netflix.discovery.DiscoveryClient 368 - Initializing Eureka in region us-east-1
2020-04-18 21:31:05,232 [main] INFO  c.n.d.p.DiscoveryJerseyProvider 70 - Using JSON encoding codec LegacyJacksonJson
2020-04-18 21:31:05,232 [main] INFO  c.n.d.p.DiscoveryJerseyProvider 71 - Using JSON decoding codec LegacyJacksonJson
2020-04-18 21:31:05,357 [main] INFO  c.n.d.p.DiscoveryJerseyProvider 80 - Using XML encoding codec XStreamXml
2020-04-18 21:31:05,357 [main] INFO  c.n.d.p.DiscoveryJerseyProvider 81 - Using XML decoding codec XStreamXml
2020-04-18 21:31:05,610 [main] INFO  c.n.d.s.r.aws.ConfigClusterResolver 43 - Resolving eureka endpoints via configuration
2020-04-18 21:31:06,826 [main] INFO  c.netflix.discovery.DiscoveryClient 981 - Disable delta property : false
2020-04-18 21:31:06,826 [main] INFO  c.netflix.discovery.DiscoveryClient 982 - Single vip registry refresh property : null
2020-04-18 21:31:06,827 [main] INFO  c.netflix.discovery.DiscoveryClient 983 - Force full registry fetch : false
2020-04-18 21:31:06,827 [main] INFO  c.netflix.discovery.DiscoveryClient 984 - Application is null : false
2020-04-18 21:31:06,828 [main] INFO  c.netflix.discovery.DiscoveryClient 985 - Registered Applications size is zero : true
2020-04-18 21:31:06,828 [main] INFO  c.netflix.discovery.DiscoveryClient 987 - Application version is -1: true
2020-04-18 21:31:06,828 [main] INFO  c.netflix.discovery.DiscoveryClient 1070 - Getting all instance registry info from the eureka server
2020-04-18 21:31:10,893 [main] WARN  c.n.d.s.t.d.RetryableEurekaHttpClient 130 - Request execution failed with message: java.net.ConnectException: Connection refused: connect
2020-04-18 21:31:11,031 [main] INFO  c.n.d.s.t.d.RetryableEurekaHttpClient 124 - Request execution succeeded on retry #1
2020-04-18 21:31:11,032 [main] INFO  c.netflix.discovery.DiscoveryClient 1079 - The response status is 200
2020-04-18 21:31:11,034 [main] INFO  c.netflix.discovery.DiscoveryClient 1294 - Starting heartbeat executor: renew interval is: 30
2020-04-18 21:31:11,037 [main] INFO  c.n.discovery.InstanceInfoReplicator 60 - InstanceInfoReplicator onDemand update allowed rate per min is 4
2020-04-18 21:31:11,041 [main] INFO  c.netflix.discovery.DiscoveryClient 468 - Discovery Client initialized at timestamp 1587216671039 with initial instances count: 0
2020-04-18 21:31:11,044 [main] INFO  o.s.c.n.e.s.EurekaServiceRegistry 41 - Registering application CON-BASE with eureka with status UP
2020-04-18 21:31:11,045 [main] INFO  c.netflix.discovery.DiscoveryClient 1330 - Saw local status change event StatusChangeEvent [timestamp=1587216671045, current=UP, previous=STARTING]
2020-04-18 21:31:11,047 [DiscoveryClient-InstanceInfoReplicator-0] INFO  c.netflix.discovery.DiscoveryClient 847 - DiscoveryClient_CON-BASE/localhost:con-base:9103: registering service...
2020-04-18 21:31:11,047 [main] INFO  s.d.s.w.p.DocumentationPluginsBootstrapper 160 - Context refreshed
2020-04-18 21:31:11,063 [main] INFO  s.d.s.w.p.DocumentationPluginsBootstrapper 163 - Found 2 custom documentation plugin(s)
2020-04-18 21:31:11,100 [main] INFO  s.d.s.w.s.ApiListingReferenceScanner 41 - Scanning for api listing references
2020-04-18 21:31:11,237 [main] INFO  s.d.s.w.s.ApiListingReferenceScanner 41 - Scanning for api listing references
2020-04-18 21:31:11,254 [main] INFO  o.a.coyote.http11.Http11NioProtocol 173 - Starting ProtocolHandler ["http-nio-9103"]
2020-04-18 21:31:11,279 [main] INFO  o.s.b.w.e.tomcat.TomcatWebServer 204 - Tomcat started on port(s): 9103 (http) with context path ''
2020-04-18 21:31:11,280 [main] INFO  o.s.c.n.e.s.EurekaAutoServiceRegistration 145 - Updating port to 9103
2020-04-18 21:31:14,770 [main] INFO  o.s.cloud.commons.util.InetUtils 170 - Cannot determine local hostname
2020-04-18 21:31:14,772 [main] INFO  com.lt.conbase.ConBaseApplication 61 - Started ConBaseApplication in 35.371 seconds (JVM running for 38.867)
2020-04-18 21:31:15,071 [DiscoveryClient-InstanceInfoReplicator-0] WARN  c.n.d.s.t.d.RetryableEurekaHttpClient 130 - Request execution failed with message: java.net.ConnectException: Connection refused: connect
2020-04-18 21:31:15,143 [DiscoveryClient-InstanceInfoReplicator-0] INFO  c.n.d.s.t.d.RetryableEurekaHttpClient 124 - Request execution succeeded on retry #1
2020-04-18 21:31:15,143 [DiscoveryClient-InstanceInfoReplicator-0] INFO  c.netflix.discovery.DiscoveryClient 856 - DiscoveryClient_CON-BASE/localhost:con-base:9103 - registration status: 204
2020-04-18 21:31:16,586 [RMI TCP Connection(3)-192.168.182.1] INFO  o.a.c.c.C.[Tomcat].[localhost].[/] 173 - Initializing Spring DispatcherServlet 'dispatcherServlet'
2020-04-18 21:31:16,586 [RMI TCP Connection(3)-192.168.182.1] INFO  o.s.web.servlet.DispatcherServlet 525 - Initializing Servlet 'dispatcherServlet'
2020-04-18 21:31:16,599 [RMI TCP Connection(3)-192.168.182.1] INFO  o.s.web.servlet.DispatcherServlet 547 - Completed initialization in 13 ms
2020-04-18 21:31:41,035 [DiscoveryClient-CacheRefreshExecutor-0] INFO  c.netflix.discovery.DiscoveryClient 981 - Disable delta property : false
2020-04-18 21:31:41,036 [DiscoveryClient-CacheRefreshExecutor-0] INFO  c.netflix.discovery.DiscoveryClient 982 - Single vip registry refresh property : null
2020-04-18 21:31:41,036 [DiscoveryClient-CacheRefreshExecutor-0] INFO  c.netflix.discovery.DiscoveryClient 983 - Force full registry fetch : false
2020-04-18 21:31:41,036 [DiscoveryClient-CacheRefreshExecutor-0] INFO  c.netflix.discovery.DiscoveryClient 984 - Application is null : false
2020-04-18 21:31:41,036 [DiscoveryClient-CacheRefreshExecutor-0] INFO  c.netflix.discovery.DiscoveryClient 985 - Registered Applications size is zero : true
2020-04-18 21:31:41,036 [DiscoveryClient-CacheRefreshExecutor-0] INFO  c.netflix.discovery.DiscoveryClient 987 - Application version is -1: false
2020-04-18 21:31:41,037 [DiscoveryClient-CacheRefreshExecutor-0] INFO  c.netflix.discovery.DiscoveryClient 1070 - Getting all instance registry info from the eureka server
2020-04-18 21:31:41,074 [DiscoveryClient-CacheRefreshExecutor-0] INFO  c.netflix.discovery.DiscoveryClient 1079 - The response status is 200
2020-04-18 21:36:06,832 [AsyncResolver-bootstrap-executor-0] INFO  c.n.d.s.r.aws.ConfigClusterResolver 43 - Resolving eureka endpoints via configuration
2020-04-18 21:41:06,833 [AsyncResolver-bootstrap-executor-0] INFO  c.n.d.s.r.aws.ConfigClusterResolver 43 - Resolving eureka endpoints via configuration
2020-04-18 22:19:48,874 [main] INFO  com.lt.conbase.ConBaseApplication 655 - The following profiles are active: dev
2020-04-18 22:19:49,888 [main] INFO  o.s.d.r.c.RepositoryConfigurationDelegate 127 - Bootstrapping Spring Data JPA repositories in DEFAULT mode.
2020-04-18 22:19:49,914 [main] INFO  o.s.d.r.c.RepositoryConfigurationDelegate 187 - Finished Spring Data repository scanning in 18ms. Found 0 JPA repository interfaces.
2020-04-18 22:19:50,027 [main] WARN  o.s.boot.actuate.endpoint.EndpointId 155 - Endpoint ID 'service-registry' contains invalid characters, please migrate to a valid format.
2020-04-18 22:19:50,040 [main] WARN  o.s.boot.actuate.endpoint.EndpointId 155 - Endpoint ID 'hystrix.stream' contains invalid characters, please migrate to a valid format.
2020-04-18 22:19:50,164 [main] INFO  o.s.cloud.context.scope.GenericScope 295 - BeanFactory id=9dfaff5c-35cd-3372-b219-725d02919d86
2020-04-18 22:19:50,707 [main] INFO  o.s.b.w.e.tomcat.TomcatWebServer 92 - Tomcat initialized with port(s): 9103 (http)
2020-04-18 22:19:50,715 [main] INFO  o.a.coyote.http11.Http11NioProtocol 173 - Initializing ProtocolHandler ["http-nio-9103"]
2020-04-18 22:19:50,715 [main] INFO  o.a.catalina.core.StandardService 173 - Starting service [Tomcat]
2020-04-18 22:19:50,716 [main] INFO  o.a.catalina.core.StandardEngine 173 - Starting Servlet engine: [Apache Tomcat/9.0.33]
2020-04-18 22:19:50,882 [main] INFO  o.a.c.c.C.[Tomcat].[localhost].[/] 173 - Initializing Spring embedded WebApplicationContext
2020-04-18 22:19:50,882 [main] INFO  o.s.web.context.ContextLoader 284 - Root WebApplicationContext: initialization completed in 1969 ms
2020-04-18 22:19:50,984 [main] INFO  n.h.s.boot.BasicHasorConfiguration 140 - 
 _    _                        ____              _
| |  | |                      |  _ \            | |
| |__| | __ _ ___  ___  _ __  | |_) | ___   ___ | |_
|  __  |/ _` / __|/ _ \| '__| |  _ < / _ \ / _ \| __|
| |  | | (_| \__ \ (_) | |    | |_) | (_) | (_) | |_
|_|  |_|\__,_|___/\___/|_|    |____/ \___/ \___/ \__|

2020-04-18 22:19:50,991 [main] INFO  net.hasor.core.Hasor 224 - runMode at Full ,runPath at E:\Work\TestSpring
2020-04-18 22:19:50,996 [main] INFO  n.h.c.s.StandardContextSettings 130 - addConfig '/META-INF/hasor-framework/core-hconfig.xml' in 'jar:file:/E:/Program_films/maven_Repository/net/hasor/hasor-core/4.1.3/hasor-core-4.1.3.jar!/META-INF/hasor.schemas'
2020-04-18 22:19:50,998 [main] INFO  n.h.c.s.StandardContextSettings 130 - addConfig '/META-INF/hasor-framework/dataway-hconfig.xml' in 'jar:file:/E:/Program_films/maven_Repository/net/hasor/hasor-dataway/4.1.3-fix20200414/hasor-dataway-4.1.3-fix20200414.jar!/META-INF/hasor.schemas'
2020-04-18 22:19:51,000 [main] INFO  n.h.c.s.StandardContextSettings 130 - addConfig '/META-INF/hasor-framework/web-hconfig.xml' in 'jar:file:/E:/Program_films/maven_Repository/net/hasor/hasor-web/4.1.3/hasor-web-4.1.3.jar!/META-INF/hasor.schemas'
2020-04-18 22:19:51,001 [main] INFO  n.h.c.s.StandardContextSettings 130 - addConfig '/META-INF/hasor-framework/db-hconfig.xml' in 'jar:file:/E:/Program_films/maven_Repository/net/hasor/hasor-db/4.1.3/hasor-db-4.1.3.jar!/META-INF/hasor.schemas'
2020-04-18 22:19:51,003 [main] INFO  n.h.c.s.StandardContextSettings 130 - addConfig '/META-INF/hasor-framework/dataql-hconfig.xml' in 'jar:file:/E:/Program_films/maven_Repository/net/hasor/hasor-dataql/4.1.3/hasor-dataql-4.1.3.jar!/META-INF/hasor.schemas'
2020-04-18 22:19:51,005 [main] INFO  n.h.c.s.StandardContextSettings 130 - addConfig '/META-INF/hasor-framework/dataql-fx-hconfig.xml' in 'jar:file:/E:/Program_films/maven_Repository/net/hasor/hasor-dataql-fx/4.1.3/hasor-dataql-fx-4.1.3.jar!/META-INF/hasor.schemas'
2020-04-18 22:19:51,020 [main] INFO  n.h.c.e.AbstractEnvironment 240 - loadPackages = com.*, net.*, net.hasor.*, net.hasor.dataql.*, net.hasor.dataql.fx.*, net.hasor.dataway.*, net.hasor.db.*, net.hasor.web.*, org.*
2020-04-18 22:19:51,082 [main] INFO  n.h.core.context.TemplateAppContext 389 - loadModule class net.hasor.dataway.config.DatawayModule
2020-04-18 22:19:51,082 [main] INFO  n.hasor.dataway.config.DatawayModule 60 - dataway api workAt /api/
2020-04-18 22:19:51,082 [main] INFO  n.h.c.e.AbstractEnvironment 164 - var -> HASOR_DATAQL_DATAWAY_API_URL = /api/.
2020-04-18 22:19:51,089 [main] INFO  n.hasor.dataway.config.DatawayModule 76 - dataway admin workAt /interface-ui/
2020-04-18 22:19:51,100 [main] INFO  net.hasor.core.binder.ApiBinderWrap 287 - mapingTo[8e6e924d111f4ea683004ef01cd1cac1] -> bindType ‘class net.hasor.dataway.web.ApiDetailController’ mappingTo: ‘[/interface-ui/api/api-detail]’.
2020-04-18 22:19:51,101 [main] INFO  net.hasor.core.binder.ApiBinderWrap 287 - mapingTo[5bb8f039dc95483a92b899f07e8042b1] -> bindType ‘class net.hasor.dataway.web.ApiHistoryListController’ mappingTo: ‘[/interface-ui/api/api-history]’.
2020-04-18 22:19:51,102 [main] INFO  net.hasor.core.binder.ApiBinderWrap 287 - mapingTo[dbdd2d5c05dc4addb5d301c9b9005d88] -> bindType ‘class net.hasor.dataway.web.ApiInfoController’ mappingTo: ‘[/interface-ui/api/api-info]’.
2020-04-18 22:19:51,103 [main] INFO  net.hasor.core.binder.ApiBinderWrap 287 - mapingTo[fa0b39fe39814c618cad11be0110d16d] -> bindType ‘class net.hasor.dataway.web.ApiListController’ mappingTo: ‘[/interface-ui/api/api-list]’.
2020-04-18 22:19:51,103 [main] INFO  net.hasor.core.binder.ApiBinderWrap 287 - mapingTo[8ca62893eae44c0c892f408bf2cd7fa5] -> bindType ‘class net.hasor.dataway.web.ApiHistoryGetController’ mappingTo: ‘[/interface-ui/api/get-history]’.
2020-04-18 22:19:51,105 [main] INFO  net.hasor.core.binder.ApiBinderWrap 287 - mapingTo[add72aae23cd46c1b4a11e163de44030] -> bindType ‘class net.hasor.dataway.web.DisableController’ mappingTo: ‘[/interface-ui/api/disable]’.
2020-04-18 22:19:51,105 [main] INFO  net.hasor.core.binder.ApiBinderWrap 287 - mapingTo[028b7961c1354de1b63848d9ba723ac6] -> bindType ‘class net.hasor.dataway.web.SmokeController’ mappingTo: ‘[/interface-ui/api/smoke]’.
2020-04-18 22:19:51,106 [main] INFO  net.hasor.core.binder.ApiBinderWrap 287 - mapingTo[e352da656b8144fc8c4c9643433fca85] -> bindType ‘class net.hasor.dataway.web.SaveApiController’ mappingTo: ‘[/interface-ui/api/save-api]’.
2020-04-18 22:19:51,107 [main] INFO  net.hasor.core.binder.ApiBinderWrap 287 - mapingTo[ea491218cb2b4375bba7abf78b737451] -> bindType ‘class net.hasor.dataway.web.PublishController’ mappingTo: ‘[/interface-ui/api/publish]’.
2020-04-18 22:19:51,107 [main] INFO  net.hasor.core.binder.ApiBinderWrap 287 - mapingTo[0c040b22bc6f4aeaaee8af6fb5fc5088] -> bindType ‘class net.hasor.dataway.web.PerformController’ mappingTo: ‘[/interface-ui/api/perform]’.
2020-04-18 22:19:51,108 [main] INFO  net.hasor.core.binder.ApiBinderWrap 287 - mapingTo[484b25f7117e4babbb544673cf2464d2] -> bindType ‘class net.hasor.dataway.web.DeleteController’ mappingTo: ‘[/interface-ui/api/delete]’.
2020-04-18 22:19:51,112 [main] INFO  n.h.core.context.TemplateAppContext 389 - loadModule class net.hasor.web.render.RenderWebPlugin
2020-04-18 22:19:51,113 [main] INFO  n.h.core.context.TemplateAppContext 389 - loadModule class net.hasor.core.exts.startup.StartupModule
2020-04-18 22:19:51,113 [main] INFO  n.h.core.context.TemplateAppContext 389 - loadModule class net.hasor.core.exts.aop.AopModule
2020-04-18 22:19:51,115 [main] INFO  n.h.core.context.TemplateAppContext 389 - loadModule class net.hasor.dataql.fx.FxModule
2020-04-18 22:19:51,117 [main] INFO  n.h.core.context.TemplateAppContext 389 - loadModule class com.lt.conbase.config.ExampleModule
2020-04-18 22:19:51,119 [main] INFO  n.h.c.context.TemplateAppContext$1 70 - installModule ->net.hasor.db.JdbcModule@245253d8
2020-04-18 22:19:51,124 [main] INFO  n.h.core.context.TemplateAppContext 389 - loadModule class net.hasor.spring.boot.BasicHasorConfiguration$$Lambda$476/131343682
2020-04-18 22:19:51,183 [main] INFO  c.alibaba.druid.pool.DruidDataSource 991 - {dataSource-1} inited
2020-04-18 22:19:52,638 [main] INFO  n.hasor.dataway.config.DatawayModule 128 - dataway dbMapping MySQL to default
2020-04-18 22:19:52,640 [main] INFO  net.hasor.web.render.RenderWebPlugin 73 - RenderPlugin init -> useLayout=false, layoutPath=/layout, templatePath=/templates, placeholder=content_placeholder, defaultLayout=default.html
2020-04-18 22:19:52,650 [Hasor-EventPool-1] INFO  n.h.core.context.TemplateAppContext 440 - Hasor StartCompleted!
2020-04-18 22:19:52,757 [main] WARN  c.n.c.sources.URLConfigurationSource 121 - No URLs will be polled as dynamic configuration sources.
2020-04-18 22:19:52,757 [main] INFO  c.n.c.sources.URLConfigurationSource 122 - To enable URLs as dynamic configuration sources, define System property archaius.configurationSource.additionalUrls or make config.properties available on classpath.
2020-04-18 22:19:52,764 [main] INFO  c.n.config.DynamicPropertyFactory 281 - DynamicPropertyFactory is initialized with configuration sources: com.netflix.config.ConcurrentCompositeConfiguration@6db328f8
2020-04-18 22:19:56,313 [main] INFO  o.s.cloud.commons.util.InetUtils 170 - Cannot determine local hostname
2020-04-18 22:19:56,518 [main] INFO  n.hasor.web.startup.RuntimeListener 140 - ServletContext Attribut is net.hasor.core.AppContext
2020-04-18 22:19:56,524 [main] INFO  net.hasor.web.invoker.InvokerContext 56 - mapingTo -> type ‘class net.hasor.dataway.web.ApiDetailController’ mappingTo: ‘/interface-ui/api/api-detail’.
2020-04-18 22:19:56,525 [main] INFO  net.hasor.web.invoker.InvokerContext 56 - mapingTo -> type ‘class net.hasor.dataway.web.ApiHistoryListController’ mappingTo: ‘/interface-ui/api/api-history’.
2020-04-18 22:19:56,525 [main] INFO  net.hasor.web.invoker.InvokerContext 56 - mapingTo -> type ‘class net.hasor.dataway.web.ApiInfoController’ mappingTo: ‘/interface-ui/api/api-info’.
2020-04-18 22:19:56,525 [main] INFO  net.hasor.web.invoker.InvokerContext 56 - mapingTo -> type ‘class net.hasor.dataway.web.ApiListController’ mappingTo: ‘/interface-ui/api/api-list’.
2020-04-18 22:19:56,525 [main] INFO  net.hasor.web.invoker.InvokerContext 56 - mapingTo -> type ‘class net.hasor.dataway.web.ApiHistoryGetController’ mappingTo: ‘/interface-ui/api/get-history’.
2020-04-18 22:19:56,525 [main] INFO  net.hasor.web.invoker.InvokerContext 56 - mapingTo -> type ‘class net.hasor.dataway.web.DisableController’ mappingTo: ‘/interface-ui/api/disable’.
2020-04-18 22:19:56,525 [main] INFO  net.hasor.web.invoker.InvokerContext 56 - mapingTo -> type ‘class net.hasor.dataway.web.SmokeController’ mappingTo: ‘/interface-ui/api/smoke’.
2020-04-18 22:19:56,525 [main] INFO  net.hasor.web.invoker.InvokerContext 56 - mapingTo -> type ‘class net.hasor.dataway.web.SaveApiController’ mappingTo: ‘/interface-ui/api/save-api’.
2020-04-18 22:19:56,526 [main] INFO  net.hasor.web.invoker.InvokerContext 56 - mapingTo -> type ‘class net.hasor.dataway.web.PublishController’ mappingTo: ‘/interface-ui/api/publish’.
2020-04-18 22:19:56,526 [main] INFO  net.hasor.web.invoker.InvokerContext 56 - mapingTo -> type ‘class net.hasor.dataway.web.PerformController’ mappingTo: ‘/interface-ui/api/perform’.
2020-04-18 22:19:56,526 [main] INFO  net.hasor.web.invoker.InvokerContext 56 - mapingTo -> type ‘class net.hasor.dataway.web.DeleteController’ mappingTo: ‘/interface-ui/api/delete’.
2020-04-18 22:19:56,543 [main] INFO  net.hasor.web.startup.RuntimeFilter 83 - RuntimeFilter started, at Apache Tomcat/9.0.33
2020-04-18 22:19:56,636 [main] INFO  o.h.jpa.internal.util.LogHelper 31 - HHH000204: Processing PersistenceUnitInfo [name: default]
2020-04-18 22:19:56,701 [main] INFO  org.hibernate.Version 44 - HHH000412: Hibernate ORM core version 5.4.12.Final
2020-04-18 22:19:56,816 [main] INFO  o.h.annotations.common.Version 49 - HCANN000001: Hibernate Commons Annotations {5.1.0.Final}
2020-04-18 22:19:56,922 [main] INFO  org.hibernate.dialect.Dialect 172 - HHH000400: Using dialect: org.hibernate.dialect.MySQL8Dialect
2020-04-18 22:19:57,115 [main] INFO  o.h.e.t.j.p.i.JtaPlatformInitiator 52 - HHH000490: Using JtaPlatform implementation: [org.hibernate.engine.transaction.jta.platform.internal.NoJtaPlatform]
2020-04-18 22:19:57,122 [main] INFO  o.s.o.j.LocalContainerEntityManagerFactoryBean 416 - Initialized JPA EntityManagerFactory for persistence unit 'default'
2020-04-18 22:19:57,502 [main] WARN  o.s.b.a.o.j.JpaBaseConfiguration$JpaWebConfiguration 220 - spring.jpa.open-in-view is enabled by default. Therefore, database queries may be performed during view rendering. Explicitly configure spring.jpa.open-in-view to disable this warning
2020-04-18 22:19:57,655 [main] INFO  o.s.b.a.e.web.EndpointLinksResolver 58 - Exposing 2 endpoint(s) beneath base path '/actuator'
2020-04-18 22:19:57,736 [main] INFO  s.d.s.w.PropertySourcedRequestMappingHandlerMapping 69 - Mapped URL path [/v2/api-docs] onto method [springfox.documentation.swagger2.web.Swagger2Controller#getDocumentation(String, HttpServletRequest)]
2020-04-18 22:19:57,975 [main] WARN  c.n.c.sources.URLConfigurationSource 121 - No URLs will be polled as dynamic configuration sources.
2020-04-18 22:19:57,975 [main] INFO  c.n.c.sources.URLConfigurationSource 122 - To enable URLs as dynamic configuration sources, define System property archaius.configurationSource.additionalUrls or make config.properties available on classpath.
2020-04-18 22:19:58,087 [main] INFO  o.s.s.c.ThreadPoolTaskExecutor 181 - Initializing ExecutorService 'applicationTaskExecutor'
2020-04-18 22:20:01,507 [main] INFO  o.s.cloud.commons.util.InetUtils 170 - Cannot determine local hostname
2020-04-18 22:20:01,544 [main] WARN  o.s.c.l.c.BlockingLoadBalancerClientAutoConfiguration$BlockingLoadBalancerClientRibbonWarnLogger 86 - You already have RibbonLoadBalancerClient on your classpath. It will be used by default. As Spring Cloud Ribbon is in maintenance mode. We recommend switching to BlockingLoadBalancerClient instead. In order to use it, set the value of `spring.cloud.loadbalancer.ribbon.enabled` to `false` or remove spring-cloud-starter-netflix-ribbon from your project.
2020-04-18 22:20:01,660 [main] INFO  o.s.c.n.eureka.InstanceInfoFactory 72 - Setting initial instance status as: STARTING
2020-04-18 22:20:01,686 [main] INFO  c.netflix.discovery.DiscoveryClient 368 - Initializing Eureka in region us-east-1
2020-04-18 22:20:01,737 [main] INFO  c.n.d.p.DiscoveryJerseyProvider 70 - Using JSON encoding codec LegacyJacksonJson
2020-04-18 22:20:01,738 [main] INFO  c.n.d.p.DiscoveryJerseyProvider 71 - Using JSON decoding codec LegacyJacksonJson
2020-04-18 22:20:01,826 [main] INFO  c.n.d.p.DiscoveryJerseyProvider 80 - Using XML encoding codec XStreamXml
2020-04-18 22:20:01,827 [main] INFO  c.n.d.p.DiscoveryJerseyProvider 81 - Using XML decoding codec XStreamXml
2020-04-18 22:20:02,004 [main] INFO  c.n.d.s.r.aws.ConfigClusterResolver 43 - Resolving eureka endpoints via configuration
2020-04-18 22:20:03,066 [main] INFO  c.netflix.discovery.DiscoveryClient 981 - Disable delta property : false
2020-04-18 22:20:03,067 [main] INFO  c.netflix.discovery.DiscoveryClient 982 - Single vip registry refresh property : null
2020-04-18 22:20:03,067 [main] INFO  c.netflix.discovery.DiscoveryClient 983 - Force full registry fetch : false
2020-04-18 22:20:03,067 [main] INFO  c.netflix.discovery.DiscoveryClient 984 - Application is null : false
2020-04-18 22:20:03,068 [main] INFO  c.netflix.discovery.DiscoveryClient 985 - Registered Applications size is zero : true
2020-04-18 22:20:03,068 [main] INFO  c.netflix.discovery.DiscoveryClient 987 - Application version is -1: true
2020-04-18 22:20:03,068 [main] INFO  c.netflix.discovery.DiscoveryClient 1070 - Getting all instance registry info from the eureka server
2020-04-18 22:20:07,150 [main] WARN  c.n.d.s.t.d.RetryableEurekaHttpClient 130 - Request execution failed with message: java.net.ConnectException: Connection refused: connect
2020-04-18 22:20:07,234 [main] INFO  c.n.d.s.t.d.RetryableEurekaHttpClient 124 - Request execution succeeded on retry #1
2020-04-18 22:20:07,235 [main] INFO  c.netflix.discovery.DiscoveryClient 1079 - The response status is 200
2020-04-18 22:20:07,237 [main] INFO  c.netflix.discovery.DiscoveryClient 1294 - Starting heartbeat executor: renew interval is: 30
2020-04-18 22:20:07,239 [main] INFO  c.n.discovery.InstanceInfoReplicator 60 - InstanceInfoReplicator onDemand update allowed rate per min is 4
2020-04-18 22:20:07,242 [main] INFO  c.netflix.discovery.DiscoveryClient 468 - Discovery Client initialized at timestamp 1587219607241 with initial instances count: 0
2020-04-18 22:20:07,245 [main] INFO  o.s.c.n.e.s.EurekaServiceRegistry 41 - Registering application CON-BASE with eureka with status UP
2020-04-18 22:20:07,246 [main] INFO  c.netflix.discovery.DiscoveryClient 1330 - Saw local status change event StatusChangeEvent [timestamp=1587219607246, current=UP, previous=STARTING]
2020-04-18 22:20:07,247 [DiscoveryClient-InstanceInfoReplicator-0] INFO  c.netflix.discovery.DiscoveryClient 847 - DiscoveryClient_CON-BASE/localhost:con-base:9103: registering service...
2020-04-18 22:20:07,248 [main] INFO  s.d.s.w.p.DocumentationPluginsBootstrapper 160 - Context refreshed
2020-04-18 22:20:07,263 [main] INFO  s.d.s.w.p.DocumentationPluginsBootstrapper 163 - Found 2 custom documentation plugin(s)
2020-04-18 22:20:07,289 [main] INFO  s.d.s.w.s.ApiListingReferenceScanner 41 - Scanning for api listing references
2020-04-18 22:20:07,376 [main] INFO  s.d.s.w.s.ApiListingReferenceScanner 41 - Scanning for api listing references
2020-04-18 22:20:07,392 [main] INFO  o.a.coyote.http11.Http11NioProtocol 173 - Starting ProtocolHandler ["http-nio-9103"]
2020-04-18 22:20:07,418 [main] INFO  o.s.b.w.e.tomcat.TomcatWebServer 204 - Tomcat started on port(s): 9103 (http) with context path ''
2020-04-18 22:20:07,419 [main] INFO  o.s.c.n.e.s.EurekaAutoServiceRegistration 145 - Updating port to 9103
2020-04-18 22:20:11,081 [main] INFO  o.s.cloud.commons.util.InetUtils 170 - Cannot determine local hostname
2020-04-18 22:20:11,086 [main] INFO  com.lt.conbase.ConBaseApplication 61 - Started ConBaseApplication in 29.639 seconds (JVM running for 33.081)
2020-04-18 22:20:11,269 [DiscoveryClient-InstanceInfoReplicator-0] WARN  c.n.d.s.t.d.RetryableEurekaHttpClient 130 - Request execution failed with message: java.net.ConnectException: Connection refused: connect
2020-04-18 22:20:11,362 [DiscoveryClient-InstanceInfoReplicator-0] INFO  c.n.d.s.t.d.RetryableEurekaHttpClient 124 - Request execution succeeded on retry #1
2020-04-18 22:20:11,362 [DiscoveryClient-InstanceInfoReplicator-0] INFO  c.netflix.discovery.DiscoveryClient 856 - DiscoveryClient_CON-BASE/localhost:con-base:9103 - registration status: 204
2020-04-18 22:20:12,939 [RMI TCP Connection(5)-192.168.182.1] INFO  o.a.c.c.C.[Tomcat].[localhost].[/] 173 - Initializing Spring DispatcherServlet 'dispatcherServlet'
2020-04-18 22:20:12,940 [RMI TCP Connection(5)-192.168.182.1] INFO  o.s.web.servlet.DispatcherServlet 525 - Initializing Servlet 'dispatcherServlet'
2020-04-18 22:20:12,953 [RMI TCP Connection(5)-192.168.182.1] INFO  o.s.web.servlet.DispatcherServlet 547 - Completed initialization in 13 ms
2020-04-18 22:20:37,238 [DiscoveryClient-CacheRefreshExecutor-0] INFO  c.netflix.discovery.DiscoveryClient 981 - Disable delta property : false
2020-04-18 22:20:37,238 [DiscoveryClient-CacheRefreshExecutor-0] INFO  c.netflix.discovery.DiscoveryClient 982 - Single vip registry refresh property : null
2020-04-18 22:20:37,239 [DiscoveryClient-CacheRefreshExecutor-0] INFO  c.netflix.discovery.DiscoveryClient 983 - Force full registry fetch : false
2020-04-18 22:20:37,239 [DiscoveryClient-CacheRefreshExecutor-0] INFO  c.netflix.discovery.DiscoveryClient 984 - Application is null : false
2020-04-18 22:20:37,239 [DiscoveryClient-CacheRefreshExecutor-0] INFO  c.netflix.discovery.DiscoveryClient 985 - Registered Applications size is zero : true
2020-04-18 22:20:37,239 [DiscoveryClient-CacheRefreshExecutor-0] INFO  c.netflix.discovery.DiscoveryClient 987 - Application version is -1: false
2020-04-18 22:20:37,239 [DiscoveryClient-CacheRefreshExecutor-0] INFO  c.netflix.discovery.DiscoveryClient 1070 - Getting all instance registry info from the eureka server
2020-04-18 22:20:37,276 [DiscoveryClient-CacheRefreshExecutor-0] INFO  c.netflix.discovery.DiscoveryClient 1079 - The response status is 200
2020-04-18 22:25:03,072 [AsyncResolver-bootstrap-executor-0] INFO  c.n.d.s.r.aws.ConfigClusterResolver 43 - Resolving eureka endpoints via configuration
